<?xml version="1.0" encoding="UTF-8"?>
<testng-results ignored="0" total="1" passed="1" failed="0" skipped="0">
  <reporter-output>
  </reporter-output>
  <suite started-at="2024-08-15T14:41:59 IST" name="Default suite" finished-at="2024-08-15T14:41:59 IST" duration-ms="59">
    <groups>
    </groups>
    <test started-at="2024-08-15T14:41:59 IST" name="Default test" finished-at="2024-08-15T14:41:59 IST" duration-ms="59">
      <class name="demo.Github">
        <test-method signature="a1()[pri:0, instance:demo.Github@4944252c]" started-at="2024-08-15T14:41:59 IST" name="a1" finished-at="2024-08-15T14:41:59 IST" duration-ms="16" status="PASS">
          <reporter-output>
          </reporter-output>
        </test-method> <!-- a1 -->
      </class> <!-- demo.Github -->
    </test> <!-- Default test -->
  </suite> <!-- Default suite -->
</testng-results>
